 ⨯ Failed to start server
Error: listen EADDRINUSE: address already in use :::3000
    at Server.setupListenHandle [as _listen2] (node:net:2008:16)
    at listenInCluster (node:net:2065:12)
    at Server.listen (node:net:2170:7)
    at C:\setpiece-platform\node_modules\.pnpm\next@14.2.35_react-dom@18.3.1_react@18.3.1\node_modules\next\dist\server\lib\start-server.js:280:16
    at new Promise (<anonymous>)
    at startServer (C:\setpiece-platform\node_modules\.pnpm\next@14.2.35_react-dom@18.3.1_react@18.3.1\node_modules\next\dist\server\lib\start-server.js:191:11)
    at C:\setpiece-platform\node_modules\.pnpm\next@14.2.35_react-dom@18.3.1_react@18.3.1\node_modules\next\dist\server\lib\start-server.js:310:52
    at Span.traceAsyncFn (C:\setpiece-platform\node_modules\.pnpm\next@14.2.35_react-dom@18.3.1_react@18.3.1\node_modules\next\dist\trace\trace.js:154:26)
    at process.<anonymous> (C:\setpiece-platform\node_modules\.pnpm\next@14.2.35_react-dom@18.3.1_react@18.3.1\node_modules\next\dist\server\lib\start-server.js:310:35)
    at process.emit (node:events:509:28) {
  code: 'EADDRINUSE',
  errno: -4091,
  syscall: 'listen',
  address: '::',
  port: 3000
}
[?25h

C:\setpiece-platform\apps\web>